[Fri Dec 17 22:39:13 2021] INFO: Copied directory /home/lev/Third_sem_cs_mipt/Daemon/Destination/dir
[Fri Dec 17 22:39:43 2021] INFO: Copied directory /home/lev/Third_sem_cs_mipt/Daemon/Destination/dir1
[Fri Dec 17 22:40:35 2021] INFO: Copied file /home/lev/Third_sem_cs_mipt/Daemon/Destination/dir
[Fri Dec 17 22:47:04 2021] INIT: source is  /home/lev/Third_sem_cs_mipt/Daemon/source
[Fri Dec 17 22:47:04 2021] INIT: destination is  /home/lev/Third_sem_cs_mipt/Daemon/Destination
[Fri Dec 17 22:47:04 2021] INIT: inotify mode was set 
[Fri Dec 17 22:47:22 2021] INIT: source is  /home/lev/Third_sem_cs_mipt/Daemon/source
[Fri Dec 17 22:47:22 2021] INIT: destination is  /home/lev/Third_sem_cs_mipt/Daemon/Destination
[Fri Dec 17 22:47:22 2021] INIT: inotify mode was set 
[Fri Dec 17 22:47:57 2021] INFO: Copied directory /home/lev/Third_sem_cs_mipt/Daemon/Destination/dir
[Fri Dec 17 22:49:05 2021] INIT: source is  /home/lev/Third_sem_cs_mipt/Daemon/source
[Fri Dec 17 22:49:05 2021] INIT: destination is  /home/lev/Third_sem_cs_mipt/Daemon/Destination
[Fri Dec 17 22:49:05 2021] INIT: inotify mode was set 
[Fri Dec 17 22:49:32 2021] INFO: Copied directory /home/lev/Third_sem_cs_mipt/Daemon/Destination/kir1
[Fri Dec 17 22:53:28 2021] INIT: source is  /home/lev/Third_sem_cs_mipt/Daemon/source
[Fri Dec 17 22:53:28 2021] INIT: destination is  /home/lev/Third_sem_cs_mipt/Daemon/Destination
[Fri Dec 17 22:53:28 2021] INIT: inotify mode was set 
[Fri Dec 17 22:53:59 2021] INFO: Copied directory /home/lev/Third_sem_cs_mipt/Daemon/Destination/dir1
[Fri Dec 17 22:54:53 2021] INFO: Copied file /home/lev/Third_sem_cs_mipt/Daemon/Destination/dir1
[Fri Dec 17 22:55:21 2021] INFO: Copied directory /home/lev/Third_sem_cs_mipt/Daemon/Destination/dir2
[Fri Dec 17 22:55:53 2021] INFO: Copied file /home/lev/Third_sem_cs_mipt/Daemon/Destination/dir2
[Fri Dec 17 22:56:29 2021] INFO: Copied directory /home/lev/Third_sem_cs_mipt/Daemon/Destination/dir2/dir4
[Fri Dec 17 22:56:46 2021] INFO: Copied file /home/lev/Third_sem_cs_mipt/Daemon/Destination/dir2/dir4
[Fri Dec 17 22:57:20 2021] INFO: Modified file /home/lev/Third_sem_cs_mipt/Daemon/source/dir1/file1
[Fri Dec 17 22:57:33 2021] INFO: Modified file /home/lev/Third_sem_cs_mipt/Daemon/source/dir2/dir4/dile_vlof
[Fri Dec 17 22:58:10 2021] INFO: Delete file /home/lev/Third_sem_cs_mipt/Daemon/Destination/dir1/file1
[Fri Dec 17 23:01:13 2021] INIT: source is  /home/lev/Third_sem_cs_mipt/Daemon/source
[Fri Dec 17 23:01:13 2021] INIT: destination is  /home/lev/Third_sem_cs_mipt/Daemon/Destination
[Fri Dec 17 23:01:13 2021] INIT: inotify mode was set 
[Fri Dec 17 23:01:20 2021] INFO: Copied file /home/lev/Third_sem_cs_mipt/Daemon/Destination/dir1
[Fri Dec 17 23:01:37 2021] INFO: Modified file /home/lev/Third_sem_cs_mipt/Daemon/source/dir1/file
[Fri Dec 17 23:01:46 2021] INFO: Copied file /home/lev/Third_sem_cs_mipt/Daemon/Destination/dir2/dir4
[Fri Dec 17 23:01:58 2021] INFO: Modified file /home/lev/Third_sem_cs_mipt/Daemon/source/dir2/dir4/fil3
[Fri Dec 17 23:02:19 2021] INFO: Delete file /home/lev/Third_sem_cs_mipt/Daemon/Destination/dir2/file2
[Fri Dec 17 23:02:35 2021] INFO: Delete file /home/lev/Third_sem_cs_mipt/Daemon/Destination/dir2/dir4/fil3
[Fri Dec 17 23:02:43 2021] INFO: Delete file /home/lev/Third_sem_cs_mipt/Daemon/Destination/dir2/dir4/dile_vlof
[Fri Dec 17 23:02:53 2021] INFO: Delete directory /home/lev/Third_sem_cs_mipt/Daemon/Destination/dir2
[Fri Dec 17 23:03:03 2021] INFO: Delete directory /home/lev/Third_sem_cs_mipt/Daemon/Destination
[Fri Dec 17 23:03:28 2021] INFO: Delete file /home/lev/Third_sem_cs_mipt/Daemon/Destination/dir1/file
[Fri Dec 17 23:03:36 2021] INFO: Delete directory /home/lev/Third_sem_cs_mipt/Daemon/Destination
[Fri Dec 17 23:03:41 2021] INFO: Copied directory /home/lev/Third_sem_cs_mipt/Daemon/Destination/dir2
[Fri Dec 17 23:03:48 2021] INFO: Copied file /home/lev/Third_sem_cs_mipt/Daemon/Destination/dir2
[Fri Dec 17 23:03:54 2021] INFO: Copied file /home/lev/Third_sem_cs_mipt/Daemon/Destination/dir2
[Fri Dec 17 23:03:54 2021] INFO: Delete file /home/lev/Third_sem_cs_mipt/Daemon/Destination/dir2/.file3.swp
[Fri Dec 17 23:03:54 2021] INFO: Copied file /home/lev/Third_sem_cs_mipt/Daemon/Destination/dir2
[Fri Dec 17 23:03:54 2021] INFO: Modified file /home/lev/Third_sem_cs_mipt/Daemon/source/dir2/.file3.swp
[Fri Dec 17 23:03:59 2021] INFO: Copied file /home/lev/Third_sem_cs_mipt/Daemon/Destination/dir2
[Fri Dec 17 23:03:59 2021] INFO: Modified file /home/lev/Third_sem_cs_mipt/Daemon/source/dir2/file3
[Fri Dec 17 23:03:59 2021] INFO: Delete file /home/lev/Third_sem_cs_mipt/Daemon/Destination/dir2/.file3.swp
